[2026-04-07T16:33:48.861+0000] {local_task_job_runner.py:123} INFO - ::group::Pre task execution logs
[2026-04-07T16:33:48.880+0000] {taskinstance.py:2613} INFO - Dependencies all met for dep_context=non-requeueable deps ti=<TaskInstance: dbt_northwind_gold_pipeline.dbt_docs_generate scheduled__2026-04-06T02:00:00+00:00 [queued]>
[2026-04-07T16:33:48.888+0000] {taskinstance.py:2613} INFO - Dependencies all met for dep_context=requeueable deps ti=<TaskInstance: dbt_northwind_gold_pipeline.dbt_docs_generate scheduled__2026-04-06T02:00:00+00:00 [queued]>
[2026-04-07T16:33:48.888+0000] {taskinstance.py:2866} INFO - Starting attempt 1 of 2
[2026-04-07T16:33:48.901+0000] {taskinstance.py:2889} INFO - Executing <Task(BashOperator): dbt_docs_generate> on 2026-04-06 02:00:00+00:00
[2026-04-07T16:33:48.910+0000] {logging_mixin.py:190} WARNING - /home/***/.local/lib/python3.12/site-packages/***/task/task_runner/standard_task_runner.py:70 DeprecationWarning: This process (pid=5483) is multi-threaded, use of fork() may lead to deadlocks in the child.
[2026-04-07T16:33:48.911+0000] {standard_task_runner.py:104} INFO - Running: ['***', 'tasks', 'run', 'dbt_northwind_gold_pipeline', 'dbt_docs_generate', 'scheduled__2026-04-06T02:00:00+00:00', '--job-id', '8', '--raw', '--subdir', 'DAGS_FOLDER/dbt_run_daily.py', '--cfg-path', '/tmp/tmp_6fv9imi']
[2026-04-07T16:33:48.913+0000] {standard_task_runner.py:72} INFO - Started process 5485 to run task
[2026-04-07T16:33:48.913+0000] {standard_task_runner.py:105} INFO - Job 8: Subtask dbt_docs_generate
[2026-04-07T16:33:48.957+0000] {task_command.py:467} INFO - Running <TaskInstance: dbt_northwind_gold_pipeline.dbt_docs_generate scheduled__2026-04-06T02:00:00+00:00 [running]> on host 9104ce2ee276
[2026-04-07T16:33:49.018+0000] {taskinstance.py:3132} INFO - Exporting env vars: AIRFLOW_CTX_DAG_OWNER='Ivan Martha' AIRFLOW_CTX_DAG_ID='dbt_northwind_gold_pipeline' AIRFLOW_CTX_TASK_ID='dbt_docs_generate' AIRFLOW_CTX_EXECUTION_DATE='2026-04-06T02:00:00+00:00' AIRFLOW_CTX_TRY_NUMBER='1' AIRFLOW_CTX_DAG_RUN_ID='scheduled__2026-04-06T02:00:00+00:00'
[2026-04-07T16:33:49.020+0000] {taskinstance.py:731} INFO - ::endgroup::
[2026-04-07T16:33:49.034+0000] {subprocess.py:78} INFO - Tmp dir root location: /tmp
[2026-04-07T16:33:49.035+0000] {subprocess.py:88} INFO - Running command: ['/usr/bin/bash', '-c', 'cd /opt/***/dbt_project && dbt docs generate']
[2026-04-07T16:33:49.041+0000] {subprocess.py:99} INFO - Output:
[2026-04-07T16:33:51.821+0000] {subprocess.py:106} INFO - [0m16:33:51  Running with dbt=1.7.19
[2026-04-07T16:33:52.768+0000] {subprocess.py:106} INFO - [0m16:33:52  Registered adapter: snowflake=1.7.5
[2026-04-07T16:33:52.856+0000] {subprocess.py:106} INFO - [0m16:33:52  Found 15 models, 3 snapshots, 15 tests, 9 sources, 0 exposures, 0 metrics, 432 macros, 0 groups, 0 semantic models
[2026-04-07T16:33:52.860+0000] {subprocess.py:106} INFO - [0m16:33:52
[2026-04-07T16:33:54.671+0000] {subprocess.py:106} INFO - [0m16:33:54  Concurrency: 1 threads (target='dev')
[2026-04-07T16:33:54.675+0000] {subprocess.py:106} INFO - [0m16:33:54
[2026-04-07T16:33:55.082+0000] {subprocess.py:106} INFO - [0m16:33:55  Building catalog
[2026-04-07T16:34:09.715+0000] {subprocess.py:106} INFO - [0m16:34:09  Catalog written to /opt/***/dbt_project/target/catalog.json
[2026-04-07T16:34:11.227+0000] {subprocess.py:110} INFO - Command exited with return code 0
[2026-04-07T16:34:11.263+0000] {taskinstance.py:340} INFO - ::group::Post task execution logs
[2026-04-07T16:34:11.264+0000] {taskinstance.py:352} INFO - Marking task as SUCCESS. dag_id=dbt_northwind_gold_pipeline, task_id=dbt_docs_generate, run_id=scheduled__2026-04-06T02:00:00+00:00, execution_date=20260406T020000, start_date=20260407T163348, end_date=20260407T163411
[2026-04-07T16:34:11.292+0000] {local_task_job_runner.py:266} INFO - Task exited with return code 0
[2026-04-07T16:34:11.309+0000] {taskinstance.py:3895} INFO - 0 downstream tasks scheduled from follow-on schedule check
[2026-04-07T16:34:11.310+0000] {local_task_job_runner.py:245} INFO - ::endgroup::
