[2026-04-07T16:27:37.894+0000] {processor.py:186} INFO - Started process (PID=5330) to work on /opt/airflow/dags/dbt_run_daily.py
[2026-04-07T16:27:37.895+0000] {processor.py:914} INFO - Processing file /opt/airflow/dags/dbt_run_daily.py for tasks to queue
[2026-04-07T16:27:37.898+0000] {logging_mixin.py:190} INFO - [2026-04-07T16:27:37.897+0000] {dagbag.py:588} INFO - Filling up the DagBag from /opt/airflow/dags/dbt_run_daily.py
[2026-04-07T16:27:37.939+0000] {processor.py:925} INFO - DAG(s) 'dbt_northwind_gold_pipeline' retrieved from /opt/airflow/dags/dbt_run_daily.py
[2026-04-07T16:27:38.153+0000] {logging_mixin.py:190} INFO - [2026-04-07T16:27:38.150+0000] {override.py:1911} INFO - Created Permission View: can read on DAG:dbt_northwind_gold_pipeline
[2026-04-07T16:27:38.162+0000] {logging_mixin.py:190} INFO - [2026-04-07T16:27:38.162+0000] {override.py:1911} INFO - Created Permission View: can edit on DAG:dbt_northwind_gold_pipeline
[2026-04-07T16:27:38.168+0000] {logging_mixin.py:190} INFO - [2026-04-07T16:27:38.167+0000] {override.py:1911} INFO - Created Permission View: can delete on DAG:dbt_northwind_gold_pipeline
[2026-04-07T16:27:38.173+0000] {logging_mixin.py:190} INFO - [2026-04-07T16:27:38.172+0000] {override.py:1911} INFO - Created Permission View: can read on DAG Run:dbt_northwind_gold_pipeline
[2026-04-07T16:27:38.177+0000] {logging_mixin.py:190} INFO - [2026-04-07T16:27:38.177+0000] {override.py:1911} INFO - Created Permission View: menu access on DAG Run:dbt_northwind_gold_pipeline
[2026-04-07T16:27:38.181+0000] {logging_mixin.py:190} INFO - [2026-04-07T16:27:38.181+0000] {override.py:1911} INFO - Created Permission View: can create on DAG Run:dbt_northwind_gold_pipeline
[2026-04-07T16:27:38.185+0000] {logging_mixin.py:190} INFO - [2026-04-07T16:27:38.185+0000] {override.py:1911} INFO - Created Permission View: can delete on DAG Run:dbt_northwind_gold_pipeline
[2026-04-07T16:27:38.186+0000] {logging_mixin.py:190} INFO - [2026-04-07T16:27:38.186+0000] {dag.py:3239} INFO - Sync 1 DAGs
[2026-04-07T16:27:38.199+0000] {logging_mixin.py:190} INFO - [2026-04-07T16:27:38.199+0000] {dag.py:3262} INFO - Creating ORM DAG for dbt_northwind_gold_pipeline
[2026-04-07T16:27:38.213+0000] {logging_mixin.py:190} INFO - [2026-04-07T16:27:38.213+0000] {dag.py:4180} INFO - Setting next_dagrun for dbt_northwind_gold_pipeline to 2026-04-06 02:00:00+00:00, run_after=2026-04-07 02:00:00+00:00
[2026-04-07T16:27:38.231+0000] {processor.py:208} INFO - Processing /opt/airflow/dags/dbt_run_daily.py took 0.353 seconds
[2026-04-07T16:28:08.539+0000] {processor.py:186} INFO - Started process (PID=5335) to work on /opt/airflow/dags/dbt_run_daily.py
[2026-04-07T16:28:08.541+0000] {processor.py:914} INFO - Processing file /opt/airflow/dags/dbt_run_daily.py for tasks to queue
[2026-04-07T16:28:08.544+0000] {logging_mixin.py:190} INFO - [2026-04-07T16:28:08.544+0000] {dagbag.py:588} INFO - Filling up the DagBag from /opt/airflow/dags/dbt_run_daily.py
[2026-04-07T16:28:08.577+0000] {processor.py:925} INFO - DAG(s) 'dbt_northwind_gold_pipeline' retrieved from /opt/airflow/dags/dbt_run_daily.py
[2026-04-07T16:28:08.626+0000] {logging_mixin.py:190} INFO - [2026-04-07T16:28:08.626+0000] {dag.py:3239} INFO - Sync 1 DAGs
[2026-04-07T16:28:08.661+0000] {logging_mixin.py:190} INFO - [2026-04-07T16:28:08.661+0000] {dag.py:4180} INFO - Setting next_dagrun for dbt_northwind_gold_pipeline to 2026-04-06 02:00:00+00:00, run_after=2026-04-07 02:00:00+00:00
[2026-04-07T16:28:08.677+0000] {processor.py:208} INFO - Processing /opt/airflow/dags/dbt_run_daily.py took 0.156 seconds
[2026-04-07T16:28:39.027+0000] {processor.py:186} INFO - Started process (PID=5340) to work on /opt/airflow/dags/dbt_run_daily.py
[2026-04-07T16:28:39.029+0000] {processor.py:914} INFO - Processing file /opt/airflow/dags/dbt_run_daily.py for tasks to queue
[2026-04-07T16:28:39.033+0000] {logging_mixin.py:190} INFO - [2026-04-07T16:28:39.033+0000] {dagbag.py:588} INFO - Filling up the DagBag from /opt/airflow/dags/dbt_run_daily.py
[2026-04-07T16:28:39.070+0000] {processor.py:925} INFO - DAG(s) 'dbt_northwind_gold_pipeline' retrieved from /opt/airflow/dags/dbt_run_daily.py
[2026-04-07T16:28:39.115+0000] {logging_mixin.py:190} INFO - [2026-04-07T16:28:39.115+0000] {dag.py:3239} INFO - Sync 1 DAGs
[2026-04-07T16:28:39.150+0000] {logging_mixin.py:190} INFO - [2026-04-07T16:28:39.149+0000] {dag.py:4180} INFO - Setting next_dagrun for dbt_northwind_gold_pipeline to 2026-04-06 02:00:00+00:00, run_after=2026-04-07 02:00:00+00:00
[2026-04-07T16:28:39.166+0000] {processor.py:208} INFO - Processing /opt/airflow/dags/dbt_run_daily.py took 0.152 seconds
[2026-04-07T16:29:09.655+0000] {processor.py:186} INFO - Started process (PID=5345) to work on /opt/airflow/dags/dbt_run_daily.py
[2026-04-07T16:29:09.656+0000] {processor.py:914} INFO - Processing file /opt/airflow/dags/dbt_run_daily.py for tasks to queue
[2026-04-07T16:29:09.658+0000] {logging_mixin.py:190} INFO - [2026-04-07T16:29:09.657+0000] {dagbag.py:588} INFO - Filling up the DagBag from /opt/airflow/dags/dbt_run_daily.py
[2026-04-07T16:29:09.688+0000] {processor.py:925} INFO - DAG(s) 'dbt_northwind_gold_pipeline' retrieved from /opt/airflow/dags/dbt_run_daily.py
[2026-04-07T16:29:09.733+0000] {logging_mixin.py:190} INFO - [2026-04-07T16:29:09.733+0000] {dag.py:3239} INFO - Sync 1 DAGs
[2026-04-07T16:29:09.764+0000] {logging_mixin.py:190} INFO - [2026-04-07T16:29:09.764+0000] {dag.py:4180} INFO - Setting next_dagrun for dbt_northwind_gold_pipeline to 2026-04-06 02:00:00+00:00, run_after=2026-04-07 02:00:00+00:00
[2026-04-07T16:29:09.780+0000] {processor.py:208} INFO - Processing /opt/airflow/dags/dbt_run_daily.py took 0.139 seconds
[2026-04-07T16:29:40.756+0000] {processor.py:186} INFO - Started process (PID=5350) to work on /opt/airflow/dags/dbt_run_daily.py
[2026-04-07T16:29:40.759+0000] {processor.py:914} INFO - Processing file /opt/airflow/dags/dbt_run_daily.py for tasks to queue
[2026-04-07T16:29:40.761+0000] {logging_mixin.py:190} INFO - [2026-04-07T16:29:40.760+0000] {dagbag.py:588} INFO - Filling up the DagBag from /opt/airflow/dags/dbt_run_daily.py
[2026-04-07T16:29:40.791+0000] {processor.py:925} INFO - DAG(s) 'dbt_northwind_gold_pipeline' retrieved from /opt/airflow/dags/dbt_run_daily.py
[2026-04-07T16:29:40.849+0000] {logging_mixin.py:190} INFO - [2026-04-07T16:29:40.849+0000] {dag.py:3239} INFO - Sync 1 DAGs
[2026-04-07T16:29:40.880+0000] {logging_mixin.py:190} INFO - [2026-04-07T16:29:40.879+0000] {dag.py:4180} INFO - Setting next_dagrun for dbt_northwind_gold_pipeline to 2026-04-06 02:00:00+00:00, run_after=2026-04-07 02:00:00+00:00
[2026-04-07T16:29:40.898+0000] {processor.py:208} INFO - Processing /opt/airflow/dags/dbt_run_daily.py took 0.160 seconds
[2026-04-07T16:30:11.769+0000] {processor.py:186} INFO - Started process (PID=5355) to work on /opt/airflow/dags/dbt_run_daily.py
[2026-04-07T16:30:11.772+0000] {processor.py:914} INFO - Processing file /opt/airflow/dags/dbt_run_daily.py for tasks to queue
[2026-04-07T16:30:11.774+0000] {logging_mixin.py:190} INFO - [2026-04-07T16:30:11.773+0000] {dagbag.py:588} INFO - Filling up the DagBag from /opt/airflow/dags/dbt_run_daily.py
[2026-04-07T16:30:11.796+0000] {processor.py:925} INFO - DAG(s) 'dbt_northwind_gold_pipeline' retrieved from /opt/airflow/dags/dbt_run_daily.py
[2026-04-07T16:30:11.838+0000] {logging_mixin.py:190} INFO - [2026-04-07T16:30:11.837+0000] {dag.py:3239} INFO - Sync 1 DAGs
[2026-04-07T16:30:11.872+0000] {logging_mixin.py:190} INFO - [2026-04-07T16:30:11.872+0000] {dag.py:4180} INFO - Setting next_dagrun for dbt_northwind_gold_pipeline to 2026-04-06 02:00:00+00:00, run_after=2026-04-07 02:00:00+00:00
[2026-04-07T16:30:11.892+0000] {processor.py:208} INFO - Processing /opt/airflow/dags/dbt_run_daily.py took 0.152 seconds
[2026-04-07T16:30:42.607+0000] {processor.py:186} INFO - Started process (PID=5360) to work on /opt/airflow/dags/dbt_run_daily.py
[2026-04-07T16:30:42.611+0000] {processor.py:914} INFO - Processing file /opt/airflow/dags/dbt_run_daily.py for tasks to queue
[2026-04-07T16:30:42.615+0000] {logging_mixin.py:190} INFO - [2026-04-07T16:30:42.614+0000] {dagbag.py:588} INFO - Filling up the DagBag from /opt/airflow/dags/dbt_run_daily.py
[2026-04-07T16:30:42.656+0000] {processor.py:925} INFO - DAG(s) 'dbt_northwind_gold_pipeline' retrieved from /opt/airflow/dags/dbt_run_daily.py
[2026-04-07T16:30:42.724+0000] {logging_mixin.py:190} INFO - [2026-04-07T16:30:42.724+0000] {dag.py:3239} INFO - Sync 1 DAGs
[2026-04-07T16:30:42.787+0000] {logging_mixin.py:190} INFO - [2026-04-07T16:30:42.786+0000] {dag.py:4180} INFO - Setting next_dagrun for dbt_northwind_gold_pipeline to 2026-04-06 02:00:00+00:00, run_after=2026-04-07 02:00:00+00:00
[2026-04-07T16:30:42.807+0000] {processor.py:208} INFO - Processing /opt/airflow/dags/dbt_run_daily.py took 0.220 seconds
[2026-04-07T16:31:13.050+0000] {processor.py:186} INFO - Started process (PID=5365) to work on /opt/airflow/dags/dbt_run_daily.py
[2026-04-07T16:31:13.053+0000] {processor.py:914} INFO - Processing file /opt/airflow/dags/dbt_run_daily.py for tasks to queue
[2026-04-07T16:31:13.055+0000] {logging_mixin.py:190} INFO - [2026-04-07T16:31:13.055+0000] {dagbag.py:588} INFO - Filling up the DagBag from /opt/airflow/dags/dbt_run_daily.py
[2026-04-07T16:31:13.089+0000] {processor.py:925} INFO - DAG(s) 'dbt_northwind_gold_pipeline' retrieved from /opt/airflow/dags/dbt_run_daily.py
[2026-04-07T16:31:13.149+0000] {logging_mixin.py:190} INFO - [2026-04-07T16:31:13.149+0000] {dag.py:3239} INFO - Sync 1 DAGs
[2026-04-07T16:31:13.188+0000] {logging_mixin.py:190} INFO - [2026-04-07T16:31:13.187+0000] {dag.py:4180} INFO - Setting next_dagrun for dbt_northwind_gold_pipeline to 2026-04-06 02:00:00+00:00, run_after=2026-04-07 02:00:00+00:00
[2026-04-07T16:31:13.211+0000] {processor.py:208} INFO - Processing /opt/airflow/dags/dbt_run_daily.py took 0.176 seconds
[2026-04-07T16:31:44.082+0000] {processor.py:186} INFO - Started process (PID=5370) to work on /opt/airflow/dags/dbt_run_daily.py
[2026-04-07T16:31:44.090+0000] {processor.py:914} INFO - Processing file /opt/airflow/dags/dbt_run_daily.py for tasks to queue
[2026-04-07T16:31:44.095+0000] {logging_mixin.py:190} INFO - [2026-04-07T16:31:44.094+0000] {dagbag.py:588} INFO - Filling up the DagBag from /opt/airflow/dags/dbt_run_daily.py
[2026-04-07T16:31:44.186+0000] {processor.py:925} INFO - DAG(s) 'dbt_northwind_gold_pipeline' retrieved from /opt/airflow/dags/dbt_run_daily.py
[2026-04-07T16:31:44.344+0000] {logging_mixin.py:190} INFO - [2026-04-07T16:31:44.344+0000] {dag.py:3239} INFO - Sync 1 DAGs
[2026-04-07T16:31:44.395+0000] {logging_mixin.py:190} INFO - [2026-04-07T16:31:44.395+0000] {dag.py:4180} INFO - Setting next_dagrun for dbt_northwind_gold_pipeline to 2026-04-06 02:00:00+00:00, run_after=2026-04-07 02:00:00+00:00
[2026-04-07T16:31:44.417+0000] {processor.py:208} INFO - Processing /opt/airflow/dags/dbt_run_daily.py took 0.382 seconds
[2026-04-07T16:32:14.703+0000] {processor.py:186} INFO - Started process (PID=5375) to work on /opt/airflow/dags/dbt_run_daily.py
[2026-04-07T16:32:14.705+0000] {processor.py:914} INFO - Processing file /opt/airflow/dags/dbt_run_daily.py for tasks to queue
[2026-04-07T16:32:14.708+0000] {logging_mixin.py:190} INFO - [2026-04-07T16:32:14.707+0000] {dagbag.py:588} INFO - Filling up the DagBag from /opt/airflow/dags/dbt_run_daily.py
[2026-04-07T16:32:14.744+0000] {processor.py:925} INFO - DAG(s) 'dbt_northwind_gold_pipeline' retrieved from /opt/airflow/dags/dbt_run_daily.py
[2026-04-07T16:32:14.798+0000] {logging_mixin.py:190} INFO - [2026-04-07T16:32:14.798+0000] {dag.py:3239} INFO - Sync 1 DAGs
[2026-04-07T16:32:14.839+0000] {logging_mixin.py:190} INFO - [2026-04-07T16:32:14.838+0000] {dag.py:4180} INFO - Setting next_dagrun for dbt_northwind_gold_pipeline to 2026-04-06 02:00:00+00:00, run_after=2026-04-07 02:00:00+00:00
[2026-04-07T16:32:14.859+0000] {processor.py:208} INFO - Processing /opt/airflow/dags/dbt_run_daily.py took 0.180 seconds
[2026-04-07T16:32:45.364+0000] {processor.py:186} INFO - Started process (PID=5398) to work on /opt/airflow/dags/dbt_run_daily.py
[2026-04-07T16:32:45.366+0000] {processor.py:914} INFO - Processing file /opt/airflow/dags/dbt_run_daily.py for tasks to queue
[2026-04-07T16:32:45.369+0000] {logging_mixin.py:190} INFO - [2026-04-07T16:32:45.368+0000] {dagbag.py:588} INFO - Filling up the DagBag from /opt/airflow/dags/dbt_run_daily.py
[2026-04-07T16:32:45.419+0000] {processor.py:925} INFO - DAG(s) 'dbt_northwind_gold_pipeline' retrieved from /opt/airflow/dags/dbt_run_daily.py
[2026-04-07T16:32:45.486+0000] {logging_mixin.py:190} INFO - [2026-04-07T16:32:45.485+0000] {dag.py:3239} INFO - Sync 1 DAGs
[2026-04-07T16:32:45.525+0000] {logging_mixin.py:190} INFO - [2026-04-07T16:32:45.525+0000] {dag.py:4180} INFO - Setting next_dagrun for dbt_northwind_gold_pipeline to 2026-04-07 02:00:00+00:00, run_after=2026-04-08 02:00:00+00:00
[2026-04-07T16:32:45.542+0000] {processor.py:208} INFO - Processing /opt/airflow/dags/dbt_run_daily.py took 0.195 seconds
[2026-04-07T16:33:15.732+0000] {processor.py:186} INFO - Started process (PID=5445) to work on /opt/airflow/dags/dbt_run_daily.py
[2026-04-07T16:33:15.733+0000] {processor.py:914} INFO - Processing file /opt/airflow/dags/dbt_run_daily.py for tasks to queue
[2026-04-07T16:33:15.736+0000] {logging_mixin.py:190} INFO - [2026-04-07T16:33:15.736+0000] {dagbag.py:588} INFO - Filling up the DagBag from /opt/airflow/dags/dbt_run_daily.py
[2026-04-07T16:33:15.761+0000] {processor.py:925} INFO - DAG(s) 'dbt_northwind_gold_pipeline' retrieved from /opt/airflow/dags/dbt_run_daily.py
[2026-04-07T16:33:15.817+0000] {logging_mixin.py:190} INFO - [2026-04-07T16:33:15.816+0000] {dag.py:3239} INFO - Sync 1 DAGs
[2026-04-07T16:33:15.875+0000] {logging_mixin.py:190} INFO - [2026-04-07T16:33:15.874+0000] {dag.py:4180} INFO - Setting next_dagrun for dbt_northwind_gold_pipeline to 2026-04-07 02:00:00+00:00, run_after=2026-04-08 02:00:00+00:00
[2026-04-07T16:33:15.901+0000] {processor.py:208} INFO - Processing /opt/airflow/dags/dbt_run_daily.py took 0.189 seconds
[2026-04-07T16:33:46.048+0000] {processor.py:186} INFO - Started process (PID=5478) to work on /opt/airflow/dags/dbt_run_daily.py
[2026-04-07T16:33:46.053+0000] {processor.py:914} INFO - Processing file /opt/airflow/dags/dbt_run_daily.py for tasks to queue
[2026-04-07T16:33:46.056+0000] {logging_mixin.py:190} INFO - [2026-04-07T16:33:46.056+0000] {dagbag.py:588} INFO - Filling up the DagBag from /opt/airflow/dags/dbt_run_daily.py
[2026-04-07T16:33:46.078+0000] {processor.py:925} INFO - DAG(s) 'dbt_northwind_gold_pipeline' retrieved from /opt/airflow/dags/dbt_run_daily.py
[2026-04-07T16:33:46.113+0000] {logging_mixin.py:190} INFO - [2026-04-07T16:33:46.113+0000] {dag.py:3239} INFO - Sync 1 DAGs
[2026-04-07T16:33:46.146+0000] {logging_mixin.py:190} INFO - [2026-04-07T16:33:46.146+0000] {dag.py:4180} INFO - Setting next_dagrun for dbt_northwind_gold_pipeline to 2026-04-07 02:00:00+00:00, run_after=2026-04-08 02:00:00+00:00
[2026-04-07T16:33:46.160+0000] {processor.py:208} INFO - Processing /opt/airflow/dags/dbt_run_daily.py took 0.137 seconds
[2026-04-07T16:34:16.466+0000] {processor.py:186} INFO - Started process (PID=5515) to work on /opt/airflow/dags/dbt_run_daily.py
[2026-04-07T16:34:16.471+0000] {processor.py:914} INFO - Processing file /opt/airflow/dags/dbt_run_daily.py for tasks to queue
[2026-04-07T16:34:16.473+0000] {logging_mixin.py:190} INFO - [2026-04-07T16:34:16.473+0000] {dagbag.py:588} INFO - Filling up the DagBag from /opt/airflow/dags/dbt_run_daily.py
[2026-04-07T16:34:16.511+0000] {processor.py:925} INFO - DAG(s) 'dbt_northwind_gold_pipeline' retrieved from /opt/airflow/dags/dbt_run_daily.py
[2026-04-07T16:34:16.565+0000] {logging_mixin.py:190} INFO - [2026-04-07T16:34:16.565+0000] {dag.py:3239} INFO - Sync 1 DAGs
[2026-04-07T16:34:16.601+0000] {logging_mixin.py:190} INFO - [2026-04-07T16:34:16.600+0000] {dag.py:4180} INFO - Setting next_dagrun for dbt_northwind_gold_pipeline to 2026-04-07 02:00:00+00:00, run_after=2026-04-08 02:00:00+00:00
[2026-04-07T16:34:16.618+0000] {processor.py:208} INFO - Processing /opt/airflow/dags/dbt_run_daily.py took 0.175 seconds
[2026-04-07T16:34:47.070+0000] {processor.py:186} INFO - Started process (PID=5520) to work on /opt/airflow/dags/dbt_run_daily.py
[2026-04-07T16:34:47.072+0000] {processor.py:914} INFO - Processing file /opt/airflow/dags/dbt_run_daily.py for tasks to queue
[2026-04-07T16:34:47.079+0000] {logging_mixin.py:190} INFO - [2026-04-07T16:34:47.074+0000] {dagbag.py:588} INFO - Filling up the DagBag from /opt/airflow/dags/dbt_run_daily.py
[2026-04-07T16:34:47.118+0000] {processor.py:925} INFO - DAG(s) 'dbt_northwind_gold_pipeline' retrieved from /opt/airflow/dags/dbt_run_daily.py
[2026-04-07T16:34:47.191+0000] {logging_mixin.py:190} INFO - [2026-04-07T16:34:47.191+0000] {dag.py:3239} INFO - Sync 1 DAGs
[2026-04-07T16:34:47.235+0000] {logging_mixin.py:190} INFO - [2026-04-07T16:34:47.235+0000] {dag.py:4180} INFO - Setting next_dagrun for dbt_northwind_gold_pipeline to 2026-04-07 02:00:00+00:00, run_after=2026-04-08 02:00:00+00:00
[2026-04-07T16:34:47.256+0000] {processor.py:208} INFO - Processing /opt/airflow/dags/dbt_run_daily.py took 0.205 seconds
[2026-04-07T16:35:17.610+0000] {processor.py:186} INFO - Started process (PID=5525) to work on /opt/airflow/dags/dbt_run_daily.py
[2026-04-07T16:35:17.612+0000] {processor.py:914} INFO - Processing file /opt/airflow/dags/dbt_run_daily.py for tasks to queue
[2026-04-07T16:35:17.614+0000] {logging_mixin.py:190} INFO - [2026-04-07T16:35:17.614+0000] {dagbag.py:588} INFO - Filling up the DagBag from /opt/airflow/dags/dbt_run_daily.py
[2026-04-07T16:35:17.643+0000] {processor.py:925} INFO - DAG(s) 'dbt_northwind_gold_pipeline' retrieved from /opt/airflow/dags/dbt_run_daily.py
[2026-04-07T16:35:17.685+0000] {logging_mixin.py:190} INFO - [2026-04-07T16:35:17.685+0000] {dag.py:3239} INFO - Sync 1 DAGs
[2026-04-07T16:35:17.713+0000] {logging_mixin.py:190} INFO - [2026-04-07T16:35:17.713+0000] {dag.py:4180} INFO - Setting next_dagrun for dbt_northwind_gold_pipeline to 2026-04-07 02:00:00+00:00, run_after=2026-04-08 02:00:00+00:00
[2026-04-07T16:35:17.727+0000] {processor.py:208} INFO - Processing /opt/airflow/dags/dbt_run_daily.py took 0.135 seconds
[2026-04-07T16:35:48.077+0000] {processor.py:186} INFO - Started process (PID=5530) to work on /opt/airflow/dags/dbt_run_daily.py
[2026-04-07T16:35:48.080+0000] {processor.py:914} INFO - Processing file /opt/airflow/dags/dbt_run_daily.py for tasks to queue
[2026-04-07T16:35:48.082+0000] {logging_mixin.py:190} INFO - [2026-04-07T16:35:48.081+0000] {dagbag.py:588} INFO - Filling up the DagBag from /opt/airflow/dags/dbt_run_daily.py
[2026-04-07T16:35:48.121+0000] {processor.py:925} INFO - DAG(s) 'dbt_northwind_gold_pipeline' retrieved from /opt/airflow/dags/dbt_run_daily.py
[2026-04-07T16:35:48.174+0000] {logging_mixin.py:190} INFO - [2026-04-07T16:35:48.174+0000] {dag.py:3239} INFO - Sync 1 DAGs
[2026-04-07T16:35:48.212+0000] {logging_mixin.py:190} INFO - [2026-04-07T16:35:48.212+0000] {dag.py:4180} INFO - Setting next_dagrun for dbt_northwind_gold_pipeline to 2026-04-07 02:00:00+00:00, run_after=2026-04-08 02:00:00+00:00
[2026-04-07T16:35:48.230+0000] {processor.py:208} INFO - Processing /opt/airflow/dags/dbt_run_daily.py took 0.173 seconds
[2026-04-07T16:36:18.582+0000] {processor.py:186} INFO - Started process (PID=5535) to work on /opt/airflow/dags/dbt_run_daily.py
[2026-04-07T16:36:18.585+0000] {processor.py:914} INFO - Processing file /opt/airflow/dags/dbt_run_daily.py for tasks to queue
[2026-04-07T16:36:18.587+0000] {logging_mixin.py:190} INFO - [2026-04-07T16:36:18.586+0000] {dagbag.py:588} INFO - Filling up the DagBag from /opt/airflow/dags/dbt_run_daily.py
[2026-04-07T16:36:18.615+0000] {processor.py:925} INFO - DAG(s) 'dbt_northwind_gold_pipeline' retrieved from /opt/airflow/dags/dbt_run_daily.py
[2026-04-07T16:36:18.671+0000] {logging_mixin.py:190} INFO - [2026-04-07T16:36:18.671+0000] {dag.py:3239} INFO - Sync 1 DAGs
[2026-04-07T16:36:18.706+0000] {logging_mixin.py:190} INFO - [2026-04-07T16:36:18.705+0000] {dag.py:4180} INFO - Setting next_dagrun for dbt_northwind_gold_pipeline to 2026-04-07 02:00:00+00:00, run_after=2026-04-08 02:00:00+00:00
[2026-04-07T16:36:18.724+0000] {processor.py:208} INFO - Processing /opt/airflow/dags/dbt_run_daily.py took 0.175 seconds
[2026-04-07T16:36:49.088+0000] {processor.py:186} INFO - Started process (PID=5540) to work on /opt/airflow/dags/dbt_run_daily.py
[2026-04-07T16:36:49.090+0000] {processor.py:914} INFO - Processing file /opt/airflow/dags/dbt_run_daily.py for tasks to queue
[2026-04-07T16:36:49.092+0000] {logging_mixin.py:190} INFO - [2026-04-07T16:36:49.091+0000] {dagbag.py:588} INFO - Filling up the DagBag from /opt/airflow/dags/dbt_run_daily.py
[2026-04-07T16:36:49.129+0000] {processor.py:925} INFO - DAG(s) 'dbt_northwind_gold_pipeline' retrieved from /opt/airflow/dags/dbt_run_daily.py
[2026-04-07T16:36:49.182+0000] {logging_mixin.py:190} INFO - [2026-04-07T16:36:49.182+0000] {dag.py:3239} INFO - Sync 1 DAGs
[2026-04-07T16:36:49.227+0000] {logging_mixin.py:190} INFO - [2026-04-07T16:36:49.227+0000] {dag.py:4180} INFO - Setting next_dagrun for dbt_northwind_gold_pipeline to 2026-04-07 02:00:00+00:00, run_after=2026-04-08 02:00:00+00:00
[2026-04-07T16:36:49.246+0000] {processor.py:208} INFO - Processing /opt/airflow/dags/dbt_run_daily.py took 0.179 seconds
