[2026-04-07T16:33:01.391+0000] {local_task_job_runner.py:123} INFO - ::group::Pre task execution logs
[2026-04-07T16:33:01.406+0000] {taskinstance.py:2613} INFO - Dependencies all met for dep_context=non-requeueable deps ti=<TaskInstance: dbt_northwind_gold_pipeline.dbt_run_models manual__2026-04-07T16:32:40.101110+00:00 [queued]>
[2026-04-07T16:33:01.412+0000] {taskinstance.py:2613} INFO - Dependencies all met for dep_context=requeueable deps ti=<TaskInstance: dbt_northwind_gold_pipeline.dbt_run_models manual__2026-04-07T16:32:40.101110+00:00 [queued]>
[2026-04-07T16:33:01.412+0000] {taskinstance.py:2866} INFO - Starting attempt 1 of 2
[2026-04-07T16:33:01.422+0000] {taskinstance.py:2889} INFO - Executing <Task(BashOperator): dbt_run_models> on 2026-04-07 16:32:40.101110+00:00
[2026-04-07T16:33:01.429+0000] {logging_mixin.py:190} WARNING - /home/***/.local/lib/python3.12/site-packages/***/task/task_runner/standard_task_runner.py:70 DeprecationWarning: This process (pid=5419) is multi-threaded, use of fork() may lead to deadlocks in the child.
[2026-04-07T16:33:01.430+0000] {standard_task_runner.py:72} INFO - Started process 5420 to run task
[2026-04-07T16:33:01.430+0000] {standard_task_runner.py:104} INFO - Running: ['***', 'tasks', 'run', 'dbt_northwind_gold_pipeline', 'dbt_run_models', 'manual__2026-04-07T16:32:40.101110+00:00', '--job-id', '5', '--raw', '--subdir', 'DAGS_FOLDER/dbt_run_daily.py', '--cfg-path', '/tmp/tmp492guivj']
[2026-04-07T16:33:01.433+0000] {standard_task_runner.py:105} INFO - Job 5: Subtask dbt_run_models
[2026-04-07T16:33:01.485+0000] {task_command.py:467} INFO - Running <TaskInstance: dbt_northwind_gold_pipeline.dbt_run_models manual__2026-04-07T16:32:40.101110+00:00 [running]> on host 9104ce2ee276
[2026-04-07T16:33:01.551+0000] {taskinstance.py:3132} INFO - Exporting env vars: AIRFLOW_CTX_DAG_OWNER='Ivan Martha' AIRFLOW_CTX_DAG_ID='dbt_northwind_gold_pipeline' AIRFLOW_CTX_TASK_ID='dbt_run_models' AIRFLOW_CTX_EXECUTION_DATE='2026-04-07T16:32:40.101110+00:00' AIRFLOW_CTX_TRY_NUMBER='1' AIRFLOW_CTX_DAG_RUN_ID='manual__2026-04-07T16:32:40.101110+00:00'
[2026-04-07T16:33:01.552+0000] {taskinstance.py:731} INFO - ::endgroup::
[2026-04-07T16:33:01.564+0000] {subprocess.py:78} INFO - Tmp dir root location: /tmp
[2026-04-07T16:33:01.565+0000] {subprocess.py:88} INFO - Running command: ['/usr/bin/bash', '-c', 'cd /opt/***/dbt_project && dbt run']
[2026-04-07T16:33:01.571+0000] {subprocess.py:99} INFO - Output:
[2026-04-07T16:33:04.192+0000] {subprocess.py:106} INFO - [0m16:33:04  Running with dbt=1.7.19
[2026-04-07T16:33:04.985+0000] {subprocess.py:106} INFO - [0m16:33:04  Registered adapter: snowflake=1.7.5
[2026-04-07T16:33:05.062+0000] {subprocess.py:106} INFO - [0m16:33:05  Found 15 models, 3 snapshots, 15 tests, 9 sources, 0 exposures, 0 metrics, 432 macros, 0 groups, 0 semantic models
[2026-04-07T16:33:05.066+0000] {subprocess.py:106} INFO - [0m16:33:05
[2026-04-07T16:33:07.666+0000] {subprocess.py:106} INFO - [0m16:33:07  Concurrency: 1 threads (target='dev')
[2026-04-07T16:33:07.668+0000] {subprocess.py:106} INFO - [0m16:33:07
[2026-04-07T16:33:07.687+0000] {subprocess.py:106} INFO - [0m16:33:07  1 of 15 START sql table model PUBLIC_2_STAGING.dim_customer .................... [RUN]
[2026-04-07T16:33:08.532+0000] {subprocess.py:106} INFO - [0m16:33:08  1 of 15 OK created sql table model PUBLIC_2_STAGING.dim_customer ............... [[32mSUCCESS 1[0m in 0.84s]
[2026-04-07T16:33:08.547+0000] {subprocess.py:106} INFO - [0m16:33:08  2 of 15 START sql table model PUBLIC_2_STAGING.dim_date ........................ [RUN]
[2026-04-07T16:33:09.558+0000] {subprocess.py:106} INFO - [0m16:33:09  2 of 15 OK created sql table model PUBLIC_2_STAGING.dim_date ................... [[32mSUCCESS 1[0m in 1.00s]
[2026-04-07T16:33:09.564+0000] {subprocess.py:106} INFO - [0m16:33:09  3 of 15 START sql table model PUBLIC_2_STAGING.dim_employee .................... [RUN]
[2026-04-07T16:33:10.262+0000] {subprocess.py:106} INFO - [0m16:33:10  3 of 15 OK created sql table model PUBLIC_2_STAGING.dim_employee ............... [[32mSUCCESS 1[0m in 0.69s]
[2026-04-07T16:33:10.265+0000] {subprocess.py:106} INFO - [0m16:33:10  4 of 15 START sql table model PUBLIC_2_STAGING.dim_product ..................... [RUN]
[2026-04-07T16:33:11.040+0000] {subprocess.py:106} INFO - [0m16:33:11  4 of 15 OK created sql table model PUBLIC_2_STAGING.dim_product ................ [[32mSUCCESS 1[0m in 0.77s]
[2026-04-07T16:33:11.045+0000] {subprocess.py:106} INFO - [0m16:33:11  5 of 15 START sql table model PUBLIC_2_STAGING.fact_inventory .................. [RUN]
[2026-04-07T16:33:12.090+0000] {subprocess.py:106} INFO - [0m16:33:12  5 of 15 OK created sql table model PUBLIC_2_STAGING.fact_inventory ............. [[32mSUCCESS 1[0m in 1.04s]
[2026-04-07T16:33:12.095+0000] {subprocess.py:106} INFO - [0m16:33:12  6 of 15 START sql table model PUBLIC_2_STAGING.fact_purchase_order ............. [RUN]
[2026-04-07T16:33:13.003+0000] {subprocess.py:106} INFO - [0m16:33:13  6 of 15 OK created sql table model PUBLIC_2_STAGING.fact_purchase_order ........ [[32mSUCCESS 1[0m in 0.90s]
[2026-04-07T16:33:13.007+0000] {subprocess.py:106} INFO - [0m16:33:13  7 of 15 START sql table model PUBLIC_2_STAGING.fact_sales ...................... [RUN]
[2026-04-07T16:33:13.993+0000] {subprocess.py:106} INFO - [0m16:33:13  7 of 15 OK created sql table model PUBLIC_2_STAGING.fact_sales ................. [[32mSUCCESS 1[0m in 0.98s]
[2026-04-07T16:33:13.999+0000] {subprocess.py:106} INFO - [0m16:33:13  8 of 15 START sql table model PUBLIC_3_MART.inventory_valuation ................ [RUN]
[2026-04-07T16:33:14.973+0000] {subprocess.py:106} INFO - [0m16:33:14  8 of 15 OK created sql table model PUBLIC_3_MART.inventory_valuation ........... [[32mSUCCESS 1[0m in 0.97s]
[2026-04-07T16:33:14.978+0000] {subprocess.py:106} INFO - [0m16:33:14  9 of 15 START sql table model PUBLIC_3_MART.product_stock_turnover ............. [RUN]
[2026-04-07T16:33:15.786+0000] {subprocess.py:106} INFO - [0m16:33:15  9 of 15 OK created sql table model PUBLIC_3_MART.product_stock_turnover ........ [[32mSUCCESS 1[0m in 0.80s]
[2026-04-07T16:33:15.789+0000] {subprocess.py:106} INFO - [0m16:33:15  10 of 15 START sql table model PUBLIC_3_MART.supplier_lead_time_performance .... [RUN]
[2026-04-07T16:33:16.581+0000] {subprocess.py:106} INFO - [0m16:33:16  10 of 15 OK created sql table model PUBLIC_3_MART.supplier_lead_time_performance  [[32mSUCCESS 1[0m in 0.79s]
[2026-04-07T16:33:16.584+0000] {subprocess.py:106} INFO - [0m16:33:16  11 of 15 START sql table model PUBLIC_3_MART.customer_lifetime_value ........... [RUN]
[2026-04-07T16:33:17.350+0000] {subprocess.py:106} INFO - [0m16:33:17  11 of 15 OK created sql table model PUBLIC_3_MART.customer_lifetime_value ...... [[32mSUCCESS 1[0m in 0.76s]
[2026-04-07T16:33:17.352+0000] {subprocess.py:106} INFO - [0m16:33:17  12 of 15 START sql table model PUBLIC_3_MART.low_stock_alerts .................. [RUN]
[2026-04-07T16:33:18.020+0000] {subprocess.py:106} INFO - [0m16:33:18  12 of 15 OK created sql table model PUBLIC_3_MART.low_stock_alerts ............. [[32mSUCCESS 1[0m in 0.66s]
[2026-04-07T16:33:18.024+0000] {subprocess.py:106} INFO - [0m16:33:18  13 of 15 START sql table model PUBLIC_3_MART.monthly_sales_performance ......... [RUN]
[2026-04-07T16:33:18.939+0000] {subprocess.py:106} INFO - [0m16:33:18  13 of 15 OK created sql table model PUBLIC_3_MART.monthly_sales_performance .... [[32mSUCCESS 1[0m in 0.91s]
[2026-04-07T16:33:18.944+0000] {subprocess.py:106} INFO - [0m16:33:18  14 of 15 START sql table model PUBLIC_3_MART.sales_vs_purchase_ratio ........... [RUN]
[2026-04-07T16:33:19.718+0000] {subprocess.py:106} INFO - [0m16:33:19  14 of 15 OK created sql table model PUBLIC_3_MART.sales_vs_purchase_ratio ...... [[32mSUCCESS 1[0m in 0.77s]
[2026-04-07T16:33:19.721+0000] {subprocess.py:106} INFO - [0m16:33:19  15 of 15 START sql table model PUBLIC_3_MART.top_selling_products .............. [RUN]
[2026-04-07T16:33:20.541+0000] {subprocess.py:106} INFO - [0m16:33:20  15 of 15 OK created sql table model PUBLIC_3_MART.top_selling_products ......... [[32mSUCCESS 1[0m in 0.80s]
[2026-04-07T16:33:20.567+0000] {subprocess.py:106} INFO - [0m16:33:20
[2026-04-07T16:33:20.585+0000] {subprocess.py:106} INFO - [0m16:33:20  Finished running 15 table models in 0 hours 0 minutes and 15.50 seconds (15.50s).
[2026-04-07T16:33:20.693+0000] {subprocess.py:106} INFO - [0m16:33:20
[2026-04-07T16:33:20.696+0000] {subprocess.py:106} INFO - [0m16:33:20  [32mCompleted successfully[0m
[2026-04-07T16:33:20.698+0000] {subprocess.py:106} INFO - [0m16:33:20
[2026-04-07T16:33:20.700+0000] {subprocess.py:106} INFO - [0m16:33:20  Done. PASS=15 WARN=0 ERROR=0 SKIP=0 TOTAL=15
[2026-04-07T16:33:27.695+0000] {subprocess.py:110} INFO - Command exited with return code 0
[2026-04-07T16:33:27.845+0000] {taskinstance.py:340} INFO - ::group::Post task execution logs
[2026-04-07T16:33:27.846+0000] {taskinstance.py:352} INFO - Marking task as SUCCESS. dag_id=dbt_northwind_gold_pipeline, task_id=dbt_run_models, run_id=manual__2026-04-07T16:32:40.101110+00:00, execution_date=20260407T163240, start_date=20260407T163301, end_date=20260407T163327
[2026-04-07T16:33:27.910+0000] {local_task_job_runner.py:266} INFO - Task exited with return code 0
[2026-04-07T16:33:28.030+0000] {taskinstance.py:3895} INFO - 1 downstream tasks scheduled from follow-on schedule check
[2026-04-07T16:33:28.038+0000] {local_task_job_runner.py:245} INFO - ::endgroup::
