[0m15:47:40.882035 [debug] [MainThread]: Sending event: {'category': 'dbt', 'action': 'invocation', 'label': 'start', 'context': [<snowplow_tracker.self_describing_json.SelfDescribingJson object at 0xffff9b742c60>, <snowplow_tracker.self_describing_json.SelfDescribingJson object at 0xffff9b782180>, <snowplow_tracker.self_describing_json.SelfDescribingJson object at 0xffff9b7d19a0>]}


============================== 15:47:40.889925 | 18f38d1c-d5d6-4582-9821-5ec529bcf4a6 ==============================
[0m15:47:40.889925 [info ] [MainThread]: Running with dbt=1.7.19
[0m15:47:40.890677 [debug] [MainThread]: running dbt with arguments {'printer_width': '80', 'indirect_selection': 'eager', 'log_cache_events': 'False', 'write_json': 'True', 'partial_parse': 'True', 'cache_selected_only': 'False', 'profiles_dir': '/home/airflow/.dbt', 'fail_fast': 'False', 'warn_error': 'None', 'log_path': 'logs', 'debug': 'False', 'version_check': 'True', 'use_colors': 'True', 'use_experimental_parser': 'False', 'no_print': 'None', 'quiet': 'False', 'log_format': 'default', 'static_parser': 'True', 'invocation_command': 'dbt debug', 'introspect': 'True', 'target_path': 'None', 'warn_error_options': 'WarnErrorOptions(include=[], exclude=[])', 'send_anonymous_usage_stats': 'True'}
[0m15:47:40.891408 [info ] [MainThread]: dbt version: 1.7.19
[0m15:47:40.891857 [info ] [MainThread]: python version: 3.12.8
[0m15:47:40.892442 [info ] [MainThread]: python path: /home/airflow/.local/bin/python
[0m15:47:40.893200 [info ] [MainThread]: os info: Linux-6.10.14-linuxkit-aarch64-with-glibc2.36
[0m15:47:40.893878 [info ] [MainThread]: Using profiles dir at /home/airflow/.dbt
[0m15:47:40.894504 [info ] [MainThread]: Using profiles.yml file at /home/airflow/.dbt/profiles.yml
[0m15:47:40.895042 [info ] [MainThread]: Using dbt_project.yml file at /opt/airflow/dbt_project.yml
[0m15:47:40.895488 [info ] [MainThread]: Configuration:
[0m15:47:40.895859 [info ] [MainThread]:   profiles.yml file [[31mERROR not found[0m]
[0m15:47:40.896302 [info ] [MainThread]:   dbt_project.yml file [[31mERROR not found[0m]
[0m15:47:40.896708 [info ] [MainThread]: Required dependencies:
[0m15:47:40.897156 [debug] [MainThread]: Executing "git --help"
[0m15:47:40.898218 [info ] [MainThread]:  - git [[31mERROR[0m]

[0m15:47:40.898646 [info ] [MainThread]: Connection test skipped since no profile was found
[0m15:47:40.899093 [info ] [MainThread]: [31m3 checks failed:[0m
[0m15:47:40.899504 [info ] [MainThread]: dbt looked for a profiles.yml file in /home/airflow/.dbt/profiles.yml, but did
not find one. For more information on configuring your profile, consult the
documentation:

https://docs.getdbt.com/docs/configure-your-profile


[0m15:47:40.899887 [info ] [MainThread]: Project loading failed for the following reason:
 project path </opt/airflow/dbt_project.yml> not found

[0m15:47:40.900286 [info ] [MainThread]: Error from git --help: User does not have permissions for this command: "git"

[0m15:47:40.901336 [debug] [MainThread]: Resource report: {"command_name": "debug", "command_wall_clock_time": 0.05025096, "process_user_time": 2.390371, "process_kernel_time": 0.415064, "process_mem_max_rss": "106048", "process_in_blocks": "10328", "process_out_blocks": "2205", "command_success": false}
[0m15:47:40.901810 [debug] [MainThread]: Command `dbt debug` failed at 15:47:40.901687 after 0.05 seconds
[0m15:47:40.902148 [debug] [MainThread]: Sending event: {'category': 'dbt', 'action': 'invocation', 'label': 'end', 'context': [<snowplow_tracker.self_describing_json.SelfDescribingJson object at 0xffff9bdfed80>, <snowplow_tracker.self_describing_json.SelfDescribingJson object at 0xffff9b794320>, <snowplow_tracker.self_describing_json.SelfDescribingJson object at 0xffff9bfae660>]}
[0m15:47:40.902515 [debug] [MainThread]: Flushing usage events
[0m15:54:57.385293 [debug] [MainThread]: Sending event: {'category': 'dbt', 'action': 'invocation', 'label': 'start', 'context': [<snowplow_tracker.self_describing_json.SelfDescribingJson object at 0xffff9746a750>, <snowplow_tracker.self_describing_json.SelfDescribingJson object at 0xffff974690d0>, <snowplow_tracker.self_describing_json.SelfDescribingJson object at 0xffff9746bf20>]}


============================== 15:54:57.437857 | 4b1265a8-7961-4d97-b3dc-ab9338473c4f ==============================
[0m15:54:57.437857 [info ] [MainThread]: Running with dbt=1.7.19
[0m15:54:57.438814 [debug] [MainThread]: running dbt with arguments {'printer_width': '80', 'indirect_selection': 'eager', 'log_cache_events': 'False', 'write_json': 'True', 'partial_parse': 'True', 'cache_selected_only': 'False', 'warn_error': 'None', 'debug': 'False', 'profiles_dir': '/home/airflow/.dbt', 'log_path': 'logs', 'version_check': 'True', 'fail_fast': 'False', 'use_colors': 'True', 'use_experimental_parser': 'False', 'no_print': 'None', 'quiet': 'False', 'warn_error_options': 'WarnErrorOptions(include=[], exclude=[])', 'introspect': 'True', 'invocation_command': 'dbt debug', 'log_format': 'default', 'target_path': 'None', 'static_parser': 'True', 'send_anonymous_usage_stats': 'True'}
[0m15:54:57.439547 [info ] [MainThread]: dbt version: 1.7.19
[0m15:54:57.440373 [info ] [MainThread]: python version: 3.12.8
[0m15:54:57.441344 [info ] [MainThread]: python path: /home/airflow/.local/bin/python
[0m15:54:57.441806 [info ] [MainThread]: os info: Linux-6.10.14-linuxkit-aarch64-with-glibc2.36
[0m15:54:57.442480 [info ] [MainThread]: Using profiles dir at /home/airflow/.dbt
[0m15:54:57.442849 [info ] [MainThread]: Using profiles.yml file at /home/airflow/.dbt/profiles.yml
[0m15:54:57.443233 [info ] [MainThread]: Using dbt_project.yml file at /opt/airflow/dbt_project.yml
[0m15:54:57.443775 [info ] [MainThread]: Configuration:
[0m15:54:57.444430 [info ] [MainThread]:   profiles.yml file [[31mERROR not found[0m]
[0m15:54:57.444834 [info ] [MainThread]:   dbt_project.yml file [[31mERROR not found[0m]
[0m15:54:57.445368 [info ] [MainThread]: Required dependencies:
[0m15:54:57.445979 [debug] [MainThread]: Executing "git --help"
[0m15:54:57.447606 [info ] [MainThread]:  - git [[31mERROR[0m]

[0m15:54:57.448202 [info ] [MainThread]: Connection test skipped since no profile was found
[0m15:54:57.448925 [info ] [MainThread]: [31m3 checks failed:[0m
[0m15:54:57.449811 [info ] [MainThread]: dbt looked for a profiles.yml file in /home/airflow/.dbt/profiles.yml, but did
not find one. For more information on configuring your profile, consult the
documentation:

https://docs.getdbt.com/docs/configure-your-profile


[0m15:54:57.450623 [info ] [MainThread]: Project loading failed for the following reason:
 project path </opt/airflow/dbt_project.yml> not found

[0m15:54:57.451359 [info ] [MainThread]: Error from git --help: User does not have permissions for this command: "git"

[0m15:54:57.452916 [debug] [MainThread]: Resource report: {"command_name": "debug", "command_wall_clock_time": 0.10466525, "process_user_time": 3.33617, "process_kernel_time": 0.302743, "process_mem_max_rss": "115284", "process_out_blocks": "4781", "command_success": false, "process_in_blocks": "0"}
[0m15:54:57.453804 [debug] [MainThread]: Command `dbt debug` failed at 15:54:57.453608 after 0.11 seconds
[0m15:54:57.454870 [debug] [MainThread]: Sending event: {'category': 'dbt', 'action': 'invocation', 'label': 'end', 'context': [<snowplow_tracker.self_describing_json.SelfDescribingJson object at 0xffff97511460>, <snowplow_tracker.self_describing_json.SelfDescribingJson object at 0xffff97abeb40>, <snowplow_tracker.self_describing_json.SelfDescribingJson object at 0xffff9750b6e0>]}
[0m15:54:57.456033 [debug] [MainThread]: Flushing usage events
[0m16:12:06.646309 [debug] [MainThread]: Sending event: {'category': 'dbt', 'action': 'invocation', 'label': 'start', 'context': [<snowplow_tracker.self_describing_json.SelfDescribingJson object at 0xffff8764d100>, <snowplow_tracker.self_describing_json.SelfDescribingJson object at 0xffff877f71a0>, <snowplow_tracker.self_describing_json.SelfDescribingJson object at 0xffff8764d130>]}


============================== 16:12:06.684779 | deccdafa-c046-4e63-832c-9652568ab0e1 ==============================
[0m16:12:06.684779 [info ] [MainThread]: Running with dbt=1.7.19
[0m16:12:06.686827 [debug] [MainThread]: running dbt with arguments {'printer_width': '80', 'indirect_selection': 'eager', 'write_json': 'True', 'log_cache_events': 'False', 'partial_parse': 'True', 'cache_selected_only': 'False', 'warn_error': 'None', 'debug': 'False', 'fail_fast': 'False', 'log_path': 'logs', 'version_check': 'True', 'profiles_dir': '/home/airflow/.dbt', 'use_colors': 'True', 'use_experimental_parser': 'False', 'no_print': 'None', 'quiet': 'False', 'warn_error_options': 'WarnErrorOptions(include=[], exclude=[])', 'invocation_command': 'dbt debug', 'static_parser': 'True', 'log_format': 'default', 'target_path': 'None', 'introspect': 'True', 'send_anonymous_usage_stats': 'True'}
[0m16:12:06.687910 [info ] [MainThread]: dbt version: 1.7.19
[0m16:12:06.688867 [info ] [MainThread]: python version: 3.12.8
[0m16:12:06.690080 [info ] [MainThread]: python path: /home/airflow/.local/bin/python
[0m16:12:06.691097 [info ] [MainThread]: os info: Linux-6.10.14-linuxkit-aarch64-with-glibc2.36
[0m16:12:09.682722 [info ] [MainThread]: Using profiles dir at /home/airflow/.dbt
[0m16:12:09.683426 [info ] [MainThread]: Using profiles.yml file at /home/airflow/.dbt/profiles.yml
[0m16:12:09.684049 [info ] [MainThread]: Using dbt_project.yml file at /opt/airflow/dbt_project.yml
[0m16:12:09.684720 [info ] [MainThread]: adapter type: snowflake
[0m16:12:09.685160 [info ] [MainThread]: adapter version: 1.7.5
[0m16:12:09.685549 [info ] [MainThread]: Configuration:
[0m16:12:09.686016 [info ] [MainThread]:   profiles.yml file [[32mOK found and valid[0m]
[0m16:12:09.686533 [info ] [MainThread]:   dbt_project.yml file [[31mERROR not found[0m]
[0m16:12:09.686970 [info ] [MainThread]: Required dependencies:
[0m16:12:09.688396 [debug] [MainThread]: Executing "git --help"
[0m16:12:09.689540 [info ] [MainThread]:  - git [[31mERROR[0m]

[0m16:12:09.689980 [info ] [MainThread]: Connection:
[0m16:12:09.690662 [info ] [MainThread]:   account: jdonqoa-jn91073.ap-southeast-1
[0m16:12:09.691049 [info ] [MainThread]:   user: IVANKURNIA92
[0m16:12:09.691461 [info ] [MainThread]:   database: DBT_DEV_DB
[0m16:12:09.691874 [info ] [MainThread]:   warehouse: COMPUTE_WH
[0m16:12:09.692466 [info ] [MainThread]:   role: ACCOUNTADMIN
[0m16:12:09.692810 [info ] [MainThread]:   schema: PUBLIC
[0m16:12:09.693197 [info ] [MainThread]:   authenticator: None
[0m16:12:09.693633 [info ] [MainThread]:   oauth_client_id: None
[0m16:12:09.694080 [info ] [MainThread]:   query_tag: None
[0m16:12:09.694459 [info ] [MainThread]:   client_session_keep_alive: False
[0m16:12:09.694860 [info ] [MainThread]:   host: None
[0m16:12:09.695216 [info ] [MainThread]:   port: None
[0m16:12:09.695544 [info ] [MainThread]:   proxy_host: None
[0m16:12:09.695928 [info ] [MainThread]:   proxy_port: None
[0m16:12:09.696348 [info ] [MainThread]:   protocol: None
[0m16:12:09.696752 [info ] [MainThread]:   connect_retries: 1
[0m16:12:09.697361 [info ] [MainThread]:   connect_timeout: None
[0m16:12:09.698814 [info ] [MainThread]:   retry_on_database_errors: False
[0m16:12:09.700024 [info ] [MainThread]:   retry_all: False
[0m16:12:09.701203 [info ] [MainThread]:   insecure_mode: False
[0m16:12:09.702672 [info ] [MainThread]:   reuse_connections: None
[0m16:12:09.703692 [info ] [MainThread]: Registered adapter: snowflake=1.7.5
[0m16:12:09.704972 [debug] [MainThread]: Acquiring new snowflake connection 'debug'
[0m16:12:09.705904 [debug] [MainThread]: Using snowflake connection "debug"
[0m16:12:09.706375 [debug] [MainThread]: On debug: select 1 as id
[0m16:12:09.706940 [debug] [MainThread]: Opening a new connection, currently in state init
[0m16:12:11.542799 [debug] [MainThread]: Snowflake adapter: Error running SQL: select 1 as id
[0m16:12:11.544038 [debug] [MainThread]: Snowflake adapter: Rolling back transaction.
[0m16:12:11.544588 [debug] [MainThread]: On debug: No close available on handle
[0m16:12:11.545368 [info ] [MainThread]:   Connection test: [[31mERROR[0m]

[0m16:12:11.546637 [info ] [MainThread]: [31m3 checks failed:[0m
[0m16:12:11.547190 [info ] [MainThread]: Project loading failed for the following reason:
 project path </opt/airflow/dbt_project.yml> not found

[0m16:12:11.547824 [info ] [MainThread]: Error from git --help: User does not have permissions for this command: "git"

[0m16:12:11.548470 [info ] [MainThread]: dbt was unable to connect to the specified database.
The database returned the following error:

  >Database Error
  250003 (08001): 404 Not Found: post https://jdonqoa-jn91073.ap-southeast-1.snowflakecomputing.com:443/session/v1/login-request?request_id=f46e84cf-e2c9-4b9c-b06c-1b9ef390adc9&databaseName=DBT_DEV_DB&schemaName=PUBLIC&warehouse=COMPUTE_WH&roleName=ACCOUNTADMIN&request_guid=e1873019-0fef-446d-bef5-bbbfc8e23359

Check your database credentials and try again. For more information, visit:
https://docs.getdbt.com/docs/configure-your-profile


[0m16:12:11.550512 [debug] [MainThread]: Resource report: {"command_name": "debug", "command_wall_clock_time": 4.9606004, "process_user_time": 6.855948, "process_kernel_time": 0.567333, "process_mem_max_rss": "206296", "process_out_blocks": "33922", "command_success": false, "process_in_blocks": "0"}
[0m16:12:11.551492 [debug] [MainThread]: Command `dbt debug` failed at 16:12:11.551333 after 4.96 seconds
[0m16:12:11.552023 [debug] [MainThread]: Connection 'debug' was properly closed.
[0m16:12:11.552930 [debug] [MainThread]: Sending event: {'category': 'dbt', 'action': 'invocation', 'label': 'end', 'context': [<snowplow_tracker.self_describing_json.SelfDescribingJson object at 0xffff8789dee0>, <snowplow_tracker.self_describing_json.SelfDescribingJson object at 0xffff885b5520>, <snowplow_tracker.self_describing_json.SelfDescribingJson object at 0xffff750e18e0>]}
[0m16:12:11.553588 [debug] [MainThread]: Flushing usage events
[0m07:44:05.174616 [debug] [MainThread]: Sending event: {'category': 'dbt', 'action': 'invocation', 'label': 'start', 'context': [<snowplow_tracker.self_describing_json.SelfDescribingJson object at 0xffff960c8fb0>, <snowplow_tracker.self_describing_json.SelfDescribingJson object at 0xffff963f1fa0>, <snowplow_tracker.self_describing_json.SelfDescribingJson object at 0xffff9612cc20>]}


============================== 07:44:05.181914 | 7f449763-d944-474b-91c0-16f6722da1f0 ==============================
[0m07:44:05.181914 [info ] [MainThread]: Running with dbt=1.7.19
[0m07:44:05.182617 [debug] [MainThread]: running dbt with arguments {'printer_width': '80', 'indirect_selection': 'eager', 'log_cache_events': 'False', 'write_json': 'True', 'partial_parse': 'True', 'cache_selected_only': 'False', 'warn_error': 'None', 'debug': 'False', 'version_check': 'True', 'log_path': 'logs', 'fail_fast': 'False', 'profiles_dir': '/home/airflow/.dbt', 'use_colors': 'True', 'use_experimental_parser': 'False', 'no_print': 'None', 'quiet': 'False', 'warn_error_options': 'WarnErrorOptions(include=[], exclude=[])', 'invocation_command': 'dbt clean', 'static_parser': 'True', 'log_format': 'default', 'target_path': 'None', 'introspect': 'True', 'send_anonymous_usage_stats': 'True'}
[0m07:44:05.183265 [error] [MainThread]: Encountered an error:
Runtime Error
  No dbt_project.yml found at expected path /opt/airflow/dbt_project.yml
  Verify that each entry within packages.yml (and their transitive dependencies) contains a file named dbt_project.yml
  
[0m07:44:05.184317 [debug] [MainThread]: Resource report: {"command_name": "clean", "command_wall_clock_time": 0.042441916, "process_user_time": 2.260647, "process_kernel_time": 0.270796, "process_mem_max_rss": "106040", "process_out_blocks": "3", "command_success": false, "process_in_blocks": "0"}
[0m07:44:05.184999 [debug] [MainThread]: Command `dbt clean` failed at 07:44:05.184860 after 0.04 seconds
[0m07:44:05.185363 [debug] [MainThread]: Sending event: {'category': 'dbt', 'action': 'invocation', 'label': 'end', 'context': [<snowplow_tracker.self_describing_json.SelfDescribingJson object at 0xffff963b2870>, <snowplow_tracker.self_describing_json.SelfDescribingJson object at 0xffff9aebcfb0>, <snowplow_tracker.self_describing_json.SelfDescribingJson object at 0xffff96246ff0>]}
[0m07:44:05.185768 [debug] [MainThread]: Flushing usage events
[0m16:20:39.654386 [debug] [MainThread]: Sending event: {'category': 'dbt', 'action': 'invocation', 'label': 'start', 'context': [<snowplow_tracker.self_describing_json.SelfDescribingJson object at 0xffffa5594200>, <snowplow_tracker.self_describing_json.SelfDescribingJson object at 0xffffa55d4080>, <snowplow_tracker.self_describing_json.SelfDescribingJson object at 0xffffa55965a0>]}


============================== 16:20:39.662781 | f64bdcf2-bd7a-42b6-907b-5477c62b9f63 ==============================
[0m16:20:39.662781 [info ] [MainThread]: Running with dbt=1.7.19
[0m16:20:39.663362 [debug] [MainThread]: running dbt with arguments {'printer_width': '80', 'indirect_selection': 'eager', 'log_cache_events': 'False', 'write_json': 'True', 'partial_parse': 'True', 'cache_selected_only': 'False', 'profiles_dir': '/home/airflow/.dbt', 'debug': 'False', 'warn_error': 'None', 'log_path': 'logs', 'fail_fast': 'False', 'version_check': 'True', 'use_colors': 'True', 'use_experimental_parser': 'False', 'no_print': 'None', 'quiet': 'False', 'log_format': 'default', 'introspect': 'True', 'warn_error_options': 'WarnErrorOptions(include=[], exclude=[])', 'invocation_command': 'dbt docs serve --port 8081', 'target_path': 'None', 'static_parser': 'True', 'send_anonymous_usage_stats': 'True'}
[0m16:20:39.663976 [error] [MainThread]: Encountered an error:
Runtime Error
  No dbt_project.yml found at expected path /opt/airflow/dbt_project.yml
  Verify that each entry within packages.yml (and their transitive dependencies) contains a file named dbt_project.yml
  
[0m16:20:39.665058 [debug] [MainThread]: Resource report: {"command_name": "serve", "command_wall_clock_time": 0.04450321, "process_user_time": 2.468316, "process_kernel_time": 0.608296, "process_mem_max_rss": "106124", "process_out_blocks": "2203", "command_success": false, "process_in_blocks": "0"}
[0m16:20:39.665580 [debug] [MainThread]: Command `dbt docs serve` failed at 16:20:39.665451 after 0.05 seconds
[0m16:20:39.665921 [debug] [MainThread]: Sending event: {'category': 'dbt', 'action': 'invocation', 'label': 'end', 'context': [<snowplow_tracker.self_describing_json.SelfDescribingJson object at 0xffffa61493a0>, <snowplow_tracker.self_describing_json.SelfDescribingJson object at 0xffffa5e542c0>, <snowplow_tracker.self_describing_json.SelfDescribingJson object at 0xffffa5595250>]}
[0m16:20:39.666254 [debug] [MainThread]: Flushing usage events
