[2026-04-07T16:32:40.198+0000] {local_task_job_runner.py:123} INFO - ::group::Pre task execution logs
[2026-04-07T16:32:40.237+0000] {taskinstance.py:2613} INFO - Dependencies all met for dep_context=non-requeueable deps ti=<TaskInstance: dbt_northwind_gold_pipeline.dbt_snapshot scheduled__2026-04-06T02:00:00+00:00 [queued]>
[2026-04-07T16:32:40.252+0000] {taskinstance.py:2613} INFO - Dependencies all met for dep_context=requeueable deps ti=<TaskInstance: dbt_northwind_gold_pipeline.dbt_snapshot scheduled__2026-04-06T02:00:00+00:00 [queued]>
[2026-04-07T16:32:40.252+0000] {taskinstance.py:2866} INFO - Starting attempt 1 of 2
[2026-04-07T16:32:40.273+0000] {taskinstance.py:2889} INFO - Executing <Task(BashOperator): dbt_snapshot> on 2026-04-06 02:00:00+00:00
[2026-04-07T16:32:40.294+0000] {logging_mixin.py:190} WARNING - /home/***/.local/lib/python3.12/site-packages/***/task/task_runner/standard_task_runner.py:70 DeprecationWarning: This process (pid=5380) is multi-threaded, use of fork() may lead to deadlocks in the child.
[2026-04-07T16:32:40.299+0000] {standard_task_runner.py:72} INFO - Started process 5381 to run task
[2026-04-07T16:32:40.295+0000] {standard_task_runner.py:104} INFO - Running: ['***', 'tasks', 'run', 'dbt_northwind_gold_pipeline', 'dbt_snapshot', 'scheduled__2026-04-06T02:00:00+00:00', '--job-id', '2', '--raw', '--subdir', 'DAGS_FOLDER/dbt_run_daily.py', '--cfg-path', '/tmp/tmpxtvloelo']
[2026-04-07T16:32:40.303+0000] {standard_task_runner.py:105} INFO - Job 2: Subtask dbt_snapshot
[2026-04-07T16:32:40.379+0000] {task_command.py:467} INFO - Running <TaskInstance: dbt_northwind_gold_pipeline.dbt_snapshot scheduled__2026-04-06T02:00:00+00:00 [running]> on host 9104ce2ee276
[2026-04-07T16:32:40.525+0000] {taskinstance.py:3132} INFO - Exporting env vars: AIRFLOW_CTX_DAG_OWNER='Ivan Martha' AIRFLOW_CTX_DAG_ID='dbt_northwind_gold_pipeline' AIRFLOW_CTX_TASK_ID='dbt_snapshot' AIRFLOW_CTX_EXECUTION_DATE='2026-04-06T02:00:00+00:00' AIRFLOW_CTX_TRY_NUMBER='1' AIRFLOW_CTX_DAG_RUN_ID='scheduled__2026-04-06T02:00:00+00:00'
[2026-04-07T16:32:40.529+0000] {taskinstance.py:731} INFO - ::endgroup::
[2026-04-07T16:32:40.645+0000] {subprocess.py:78} INFO - Tmp dir root location: /tmp
[2026-04-07T16:32:40.647+0000] {subprocess.py:88} INFO - Running command: ['/usr/bin/bash', '-c', 'cd /opt/***/dbt_project && dbt snapshot']
[2026-04-07T16:32:40.693+0000] {subprocess.py:99} INFO - Output:
[2026-04-07T16:32:44.900+0000] {subprocess.py:106} INFO - [0m16:32:44  Running with dbt=1.7.19
[2026-04-07T16:32:46.069+0000] {subprocess.py:106} INFO - [0m16:32:46  Registered adapter: snowflake=1.7.5
[2026-04-07T16:32:46.212+0000] {subprocess.py:106} INFO - [0m16:32:46  Found 15 models, 3 snapshots, 15 tests, 9 sources, 0 exposures, 0 metrics, 432 macros, 0 groups, 0 semantic models
[2026-04-07T16:32:46.216+0000] {subprocess.py:106} INFO - [0m16:32:46
[2026-04-07T16:32:50.494+0000] {subprocess.py:106} INFO - [0m16:32:50  Concurrency: 1 threads (target='dev')
[2026-04-07T16:32:50.506+0000] {subprocess.py:106} INFO - [0m16:32:50
[2026-04-07T16:32:50.535+0000] {subprocess.py:106} INFO - [0m16:32:50  1 of 3 START snapshot SNAPSHOTS.customer_snapshot .............................. [RUN]
[2026-04-07T16:32:53.246+0000] {subprocess.py:106} INFO - [0m16:32:53  1 of 3 OK snapshotted SNAPSHOTS.customer_snapshot .............................. [[32mSUCCESS 0[0m in 2.71s]
[2026-04-07T16:32:53.252+0000] {subprocess.py:106} INFO - [0m16:32:53  2 of 3 START snapshot SNAPSHOTS.employee_snapshot .............................. [RUN]
[2026-04-07T16:32:55.691+0000] {subprocess.py:106} INFO - [0m16:32:55  2 of 3 OK snapshotted SNAPSHOTS.employee_snapshot .............................. [[32mSUCCESS 0[0m in 2.43s]
[2026-04-07T16:32:55.698+0000] {subprocess.py:106} INFO - [0m16:32:55  3 of 3 START snapshot SNAPSHOTS.product_snapshot ............................... [RUN]
[2026-04-07T16:32:58.177+0000] {subprocess.py:106} INFO - [0m16:32:58  3 of 3 OK snapshotted SNAPSHOTS.product_snapshot ............................... [[32mSUCCESS 0[0m in 2.47s]
[2026-04-07T16:32:58.190+0000] {subprocess.py:106} INFO - [0m16:32:58
[2026-04-07T16:32:58.191+0000] {subprocess.py:106} INFO - [0m16:32:58  Finished running 3 snapshots in 0 hours 0 minutes and 11.97 seconds (11.97s).
[2026-04-07T16:32:58.218+0000] {subprocess.py:106} INFO - [0m16:32:58
[2026-04-07T16:32:58.219+0000] {subprocess.py:106} INFO - [0m16:32:58  [32mCompleted successfully[0m
[2026-04-07T16:32:58.220+0000] {subprocess.py:106} INFO - [0m16:32:58
[2026-04-07T16:32:58.221+0000] {subprocess.py:106} INFO - [0m16:32:58  Done. PASS=3 WARN=0 ERROR=0 SKIP=0 TOTAL=3
[2026-04-07T16:32:59.898+0000] {subprocess.py:110} INFO - Command exited with return code 0
[2026-04-07T16:32:59.960+0000] {taskinstance.py:340} INFO - ::group::Post task execution logs
[2026-04-07T16:32:59.961+0000] {taskinstance.py:352} INFO - Marking task as SUCCESS. dag_id=dbt_northwind_gold_pipeline, task_id=dbt_snapshot, run_id=scheduled__2026-04-06T02:00:00+00:00, execution_date=20260406T020000, start_date=20260407T163240, end_date=20260407T163259
[2026-04-07T16:33:00.017+0000] {local_task_job_runner.py:266} INFO - Task exited with return code 0
[2026-04-07T16:33:00.062+0000] {local_task_job_runner.py:245} INFO - ::endgroup::
