[2026-04-07T16:33:00.432+0000] {local_task_job_runner.py:123} INFO - ::group::Pre task execution logs
[2026-04-07T16:33:00.450+0000] {taskinstance.py:2613} INFO - Dependencies all met for dep_context=non-requeueable deps ti=<TaskInstance: dbt_northwind_gold_pipeline.dbt_run_models scheduled__2026-04-06T02:00:00+00:00 [queued]>
[2026-04-07T16:33:00.459+0000] {taskinstance.py:2613} INFO - Dependencies all met for dep_context=requeueable deps ti=<TaskInstance: dbt_northwind_gold_pipeline.dbt_run_models scheduled__2026-04-06T02:00:00+00:00 [queued]>
[2026-04-07T16:33:00.460+0000] {taskinstance.py:2866} INFO - Starting attempt 1 of 2
[2026-04-07T16:33:00.470+0000] {taskinstance.py:2889} INFO - Executing <Task(BashOperator): dbt_run_models> on 2026-04-06 02:00:00+00:00
[2026-04-07T16:33:00.477+0000] {logging_mixin.py:190} WARNING - /home/***/.local/lib/python3.12/site-packages/***/task/task_runner/standard_task_runner.py:70 DeprecationWarning: This process (pid=5415) is multi-threaded, use of fork() may lead to deadlocks in the child.
[2026-04-07T16:33:00.478+0000] {standard_task_runner.py:72} INFO - Started process 5416 to run task
[2026-04-07T16:33:00.477+0000] {standard_task_runner.py:104} INFO - Running: ['***', 'tasks', 'run', 'dbt_northwind_gold_pipeline', 'dbt_run_models', 'scheduled__2026-04-06T02:00:00+00:00', '--job-id', '4', '--raw', '--subdir', 'DAGS_FOLDER/dbt_run_daily.py', '--cfg-path', '/tmp/tmpf3w96grv']
[2026-04-07T16:33:00.480+0000] {standard_task_runner.py:105} INFO - Job 4: Subtask dbt_run_models
[2026-04-07T16:33:00.514+0000] {task_command.py:467} INFO - Running <TaskInstance: dbt_northwind_gold_pipeline.dbt_run_models scheduled__2026-04-06T02:00:00+00:00 [running]> on host 9104ce2ee276
[2026-04-07T16:33:00.570+0000] {taskinstance.py:3132} INFO - Exporting env vars: AIRFLOW_CTX_DAG_OWNER='Ivan Martha' AIRFLOW_CTX_DAG_ID='dbt_northwind_gold_pipeline' AIRFLOW_CTX_TASK_ID='dbt_run_models' AIRFLOW_CTX_EXECUTION_DATE='2026-04-06T02:00:00+00:00' AIRFLOW_CTX_TRY_NUMBER='1' AIRFLOW_CTX_DAG_RUN_ID='scheduled__2026-04-06T02:00:00+00:00'
[2026-04-07T16:33:00.570+0000] {taskinstance.py:731} INFO - ::endgroup::
[2026-04-07T16:33:00.585+0000] {subprocess.py:78} INFO - Tmp dir root location: /tmp
[2026-04-07T16:33:00.586+0000] {subprocess.py:88} INFO - Running command: ['/usr/bin/bash', '-c', 'cd /opt/***/dbt_project && dbt run']
[2026-04-07T16:33:00.592+0000] {subprocess.py:99} INFO - Output:
[2026-04-07T16:33:03.275+0000] {subprocess.py:106} INFO - [0m16:33:03  Running with dbt=1.7.19
[2026-04-07T16:33:04.162+0000] {subprocess.py:106} INFO - [0m16:33:04  Registered adapter: snowflake=1.7.5
[2026-04-07T16:33:04.269+0000] {subprocess.py:106} INFO - [0m16:33:04  Found 15 models, 3 snapshots, 15 tests, 9 sources, 0 exposures, 0 metrics, 432 macros, 0 groups, 0 semantic models
[2026-04-07T16:33:04.277+0000] {subprocess.py:106} INFO - [0m16:33:04
[2026-04-07T16:33:07.196+0000] {subprocess.py:106} INFO - [0m16:33:07  Concurrency: 1 threads (target='dev')
[2026-04-07T16:33:07.207+0000] {subprocess.py:106} INFO - [0m16:33:07
[2026-04-07T16:33:07.221+0000] {subprocess.py:106} INFO - [0m16:33:07  1 of 15 START sql table model PUBLIC_2_STAGING.dim_customer .................... [RUN]
[2026-04-07T16:33:08.255+0000] {subprocess.py:106} INFO - [0m16:33:08  1 of 15 OK created sql table model PUBLIC_2_STAGING.dim_customer ............... [[32mSUCCESS 1[0m in 1.03s]
[2026-04-07T16:33:08.261+0000] {subprocess.py:106} INFO - [0m16:33:08  2 of 15 START sql table model PUBLIC_2_STAGING.dim_date ........................ [RUN]
[2026-04-07T16:33:08.936+0000] {subprocess.py:106} INFO - [0m16:33:08  2 of 15 OK created sql table model PUBLIC_2_STAGING.dim_date ................... [[32mSUCCESS 1[0m in 0.67s]
[2026-04-07T16:33:08.939+0000] {subprocess.py:106} INFO - [0m16:33:08  3 of 15 START sql table model PUBLIC_2_STAGING.dim_employee .................... [RUN]
[2026-04-07T16:33:09.707+0000] {subprocess.py:106} INFO - [0m16:33:09  3 of 15 OK created sql table model PUBLIC_2_STAGING.dim_employee ............... [[32mSUCCESS 1[0m in 0.77s]
[2026-04-07T16:33:09.710+0000] {subprocess.py:106} INFO - [0m16:33:09  4 of 15 START sql table model PUBLIC_2_STAGING.dim_product ..................... [RUN]
[2026-04-07T16:33:10.456+0000] {subprocess.py:106} INFO - [0m16:33:10  4 of 15 OK created sql table model PUBLIC_2_STAGING.dim_product ................ [[32mSUCCESS 1[0m in 0.74s]
[2026-04-07T16:33:10.462+0000] {subprocess.py:106} INFO - [0m16:33:10  5 of 15 START sql table model PUBLIC_2_STAGING.fact_inventory .................. [RUN]
[2026-04-07T16:33:11.405+0000] {subprocess.py:106} INFO - [0m16:33:11  5 of 15 OK created sql table model PUBLIC_2_STAGING.fact_inventory ............. [[32mSUCCESS 1[0m in 0.94s]
[2026-04-07T16:33:11.411+0000] {subprocess.py:106} INFO - [0m16:33:11  6 of 15 START sql table model PUBLIC_2_STAGING.fact_purchase_order ............. [RUN]
[2026-04-07T16:33:12.490+0000] {subprocess.py:106} INFO - [0m16:33:12  6 of 15 OK created sql table model PUBLIC_2_STAGING.fact_purchase_order ........ [[32mSUCCESS 1[0m in 1.07s]
[2026-04-07T16:33:12.496+0000] {subprocess.py:106} INFO - [0m16:33:12  7 of 15 START sql table model PUBLIC_2_STAGING.fact_sales ...................... [RUN]
[2026-04-07T16:33:13.501+0000] {subprocess.py:106} INFO - [0m16:33:13  7 of 15 OK created sql table model PUBLIC_2_STAGING.fact_sales ................. [[32mSUCCESS 1[0m in 1.00s]
[2026-04-07T16:33:13.518+0000] {subprocess.py:106} INFO - [0m16:33:13  8 of 15 START sql table model PUBLIC_3_MART.inventory_valuation ................ [RUN]
[2026-04-07T16:33:14.580+0000] {subprocess.py:106} INFO - [0m16:33:14  8 of 15 OK created sql table model PUBLIC_3_MART.inventory_valuation ........... [[32mSUCCESS 1[0m in 1.06s]
[2026-04-07T16:33:14.586+0000] {subprocess.py:106} INFO - [0m16:33:14  9 of 15 START sql table model PUBLIC_3_MART.product_stock_turnover ............. [RUN]
[2026-04-07T16:33:15.388+0000] {subprocess.py:106} INFO - [0m16:33:15  9 of 15 OK created sql table model PUBLIC_3_MART.product_stock_turnover ........ [[32mSUCCESS 1[0m in 0.79s]
[2026-04-07T16:33:15.394+0000] {subprocess.py:106} INFO - [0m16:33:15  10 of 15 START sql table model PUBLIC_3_MART.supplier_lead_time_performance .... [RUN]
[2026-04-07T16:33:16.322+0000] {subprocess.py:106} INFO - [0m16:33:16  10 of 15 OK created sql table model PUBLIC_3_MART.supplier_lead_time_performance  [[32mSUCCESS 1[0m in 0.92s]
[2026-04-07T16:33:16.328+0000] {subprocess.py:106} INFO - [0m16:33:16  11 of 15 START sql table model PUBLIC_3_MART.customer_lifetime_value ........... [RUN]
[2026-04-07T16:33:17.264+0000] {subprocess.py:106} INFO - [0m16:33:17  11 of 15 OK created sql table model PUBLIC_3_MART.customer_lifetime_value ...... [[32mSUCCESS 1[0m in 0.93s]
[2026-04-07T16:33:17.273+0000] {subprocess.py:106} INFO - [0m16:33:17  12 of 15 START sql table model PUBLIC_3_MART.low_stock_alerts .................. [RUN]
[2026-04-07T16:33:17.872+0000] {subprocess.py:106} INFO - [0m16:33:17  12 of 15 OK created sql table model PUBLIC_3_MART.low_stock_alerts ............. [[32mSUCCESS 1[0m in 0.59s]
[2026-04-07T16:33:17.879+0000] {subprocess.py:106} INFO - [0m16:33:17  13 of 15 START sql table model PUBLIC_3_MART.monthly_sales_performance ......... [RUN]
[2026-04-07T16:33:18.724+0000] {subprocess.py:106} INFO - [0m16:33:18  13 of 15 OK created sql table model PUBLIC_3_MART.monthly_sales_performance .... [[32mSUCCESS 1[0m in 0.84s]
[2026-04-07T16:33:18.731+0000] {subprocess.py:106} INFO - [0m16:33:18  14 of 15 START sql table model PUBLIC_3_MART.sales_vs_purchase_ratio ........... [RUN]
[2026-04-07T16:33:19.547+0000] {subprocess.py:106} INFO - [0m16:33:19  14 of 15 OK created sql table model PUBLIC_3_MART.sales_vs_purchase_ratio ...... [[32mSUCCESS 1[0m in 0.81s]
[2026-04-07T16:33:19.555+0000] {subprocess.py:106} INFO - [0m16:33:19  15 of 15 START sql table model PUBLIC_3_MART.top_selling_products .............. [RUN]
[2026-04-07T16:33:20.411+0000] {subprocess.py:106} INFO - [0m16:33:20  15 of 15 OK created sql table model PUBLIC_3_MART.top_selling_products ......... [[32mSUCCESS 1[0m in 0.85s]
[2026-04-07T16:33:20.422+0000] {subprocess.py:106} INFO - [0m16:33:20
[2026-04-07T16:33:20.423+0000] {subprocess.py:106} INFO - [0m16:33:20  Finished running 15 table models in 0 hours 0 minutes and 16.14 seconds (16.14s).
[2026-04-07T16:33:20.463+0000] {subprocess.py:106} INFO - [0m16:33:20
[2026-04-07T16:33:20.465+0000] {subprocess.py:106} INFO - [0m16:33:20  [32mCompleted successfully[0m
[2026-04-07T16:33:20.466+0000] {subprocess.py:106} INFO - [0m16:33:20
[2026-04-07T16:33:20.468+0000] {subprocess.py:106} INFO - [0m16:33:20  Done. PASS=15 WARN=0 ERROR=0 SKIP=0 TOTAL=15
[2026-04-07T16:33:27.694+0000] {subprocess.py:110} INFO - Command exited with return code 0
[2026-04-07T16:33:27.846+0000] {taskinstance.py:340} INFO - ::group::Post task execution logs
[2026-04-07T16:33:27.850+0000] {taskinstance.py:352} INFO - Marking task as SUCCESS. dag_id=dbt_northwind_gold_pipeline, task_id=dbt_run_models, run_id=scheduled__2026-04-06T02:00:00+00:00, execution_date=20260406T020000, start_date=20260407T163300, end_date=20260407T163327
[2026-04-07T16:33:27.910+0000] {local_task_job_runner.py:266} INFO - Task exited with return code 0
[2026-04-07T16:33:28.037+0000] {taskinstance.py:3895} INFO - 1 downstream tasks scheduled from follow-on schedule check
[2026-04-07T16:33:28.048+0000] {local_task_job_runner.py:245} INFO - ::endgroup::
